[0m19:10:51.004766 [debug] [MainThread]: Sending event: {'category': 'dbt', 'action': 'invocation', 'label': 'start', 'context': [<snowplow_tracker.self_describing_json.SelfDescribingJson object at 0x106a17b20>, <snowplow_tracker.self_describing_json.SelfDescribingJson object at 0x1084b4d60>, <snowplow_tracker.self_describing_json.SelfDescribingJson object at 0x1084b4f40>]}


============================== 19:10:51.012960 | 338bcd98-033a-423c-9a1d-dc33c9d944f7 ==============================
[0m19:10:51.012960 [info ] [MainThread]: Running with dbt=1.8.5
[0m19:10:51.014223 [debug] [MainThread]: running dbt with arguments {'printer_width': '80', 'indirect_selection': 'eager', 'log_cache_events': 'False', 'write_json': 'True', 'partial_parse': 'True', 'cache_selected_only': 'False', 'profiles_dir': '/Users/villy/PycharmProjects/Payroll-Data-Integration-Platform/dbt', 'version_check': 'True', 'warn_error': 'None', 'log_path': '/Users/villy/PycharmProjects/Payroll-Data-Integration-Platform/dbt/logs', 'fail_fast': 'False', 'debug': 'False', 'use_colors': 'True', 'use_experimental_parser': 'False', 'no_print': 'None', 'quiet': 'False', 'empty': 'None', 'warn_error_options': 'WarnErrorOptions(include=[], exclude=[])', 'invocation_command': 'dbt init payrolldb', 'static_parser': 'True', 'introspect': 'True', 'target_path': 'None', 'log_format': 'default', 'send_anonymous_usage_stats': 'True'}
[0m19:10:51.064003 [info ] [MainThread]: Setting up your profile.
[0m19:12:00.656487 [debug] [MainThread]: Resource report: {"command_name": "init", "command_success": true, "command_wall_clock_time": 69.80879, "process_user_time": 2.699794, "process_kernel_time": 0.597021, "process_mem_max_rss": "85987328", "process_in_blocks": "0", "process_out_blocks": "0"}
[0m19:12:00.658702 [debug] [MainThread]: Command `dbt init` succeeded at 19:12:00.658378 after 69.81 seconds
[0m19:12:00.659980 [debug] [MainThread]: Sending event: {'category': 'dbt', 'action': 'invocation', 'label': 'end', 'context': [<snowplow_tracker.self_describing_json.SelfDescribingJson object at 0x106a17b20>, <snowplow_tracker.self_describing_json.SelfDescribingJson object at 0x108491e20>, <snowplow_tracker.self_describing_json.SelfDescribingJson object at 0x108458220>]}
[0m19:12:00.661458 [debug] [MainThread]: Flushing usage events
[0m19:12:14.329971 [debug] [MainThread]: Sending event: {'category': 'dbt', 'action': 'invocation', 'label': 'start', 'context': [<snowplow_tracker.self_describing_json.SelfDescribingJson object at 0x102960a00>, <snowplow_tracker.self_describing_json.SelfDescribingJson object at 0x1043fa2e0>, <snowplow_tracker.self_describing_json.SelfDescribingJson object at 0x1043fa100>]}


============================== 19:12:14.336037 | c9f2467b-a944-4eaf-8aa0-732e82483139 ==============================
[0m19:12:14.336037 [info ] [MainThread]: Running with dbt=1.8.5
[0m19:12:14.337514 [debug] [MainThread]: running dbt with arguments {'printer_width': '80', 'indirect_selection': 'eager', 'log_cache_events': 'False', 'write_json': 'True', 'partial_parse': 'True', 'cache_selected_only': 'False', 'profiles_dir': '/Users/villy/PycharmProjects/Payroll-Data-Integration-Platform/dbt', 'debug': 'False', 'version_check': 'True', 'log_path': '/Users/villy/PycharmProjects/Payroll-Data-Integration-Platform/dbt/logs', 'warn_error': 'None', 'fail_fast': 'False', 'use_colors': 'True', 'use_experimental_parser': 'False', 'empty': 'False', 'quiet': 'False', 'no_print': 'None', 'log_format': 'default', 'introspect': 'True', 'warn_error_options': 'WarnErrorOptions(include=[], exclude=[])', 'static_parser': 'True', 'target_path': 'None', 'invocation_command': 'dbt run', 'send_anonymous_usage_stats': 'True'}
[0m19:12:14.693567 [debug] [MainThread]: Redshift adapter: Setting redshift_connector to ERROR
[0m19:12:14.694832 [debug] [MainThread]: Redshift adapter: Setting redshift_connector.core to ERROR
[0m19:12:15.654361 [warn ] [MainThread]: [[33mWARNING[0m]: Deprecated functionality
The `tests` config has been renamed to `data_tests`. Please see
https://docs.getdbt.com/docs/build/data-tests#new-data_tests-syntax for more
information.
[0m19:12:15.655774 [debug] [MainThread]: Sending event: {'category': 'dbt', 'action': 'deprecation', 'label': 'c9f2467b-a944-4eaf-8aa0-732e82483139', 'property_': 'warn', 'context': [<snowplow_tracker.self_describing_json.SelfDescribingJson object at 0x104e23c40>]}
[0m19:12:15.873073 [debug] [MainThread]: Sending event: {'category': 'dbt', 'action': 'project_id', 'label': 'c9f2467b-a944-4eaf-8aa0-732e82483139', 'context': [<snowplow_tracker.self_describing_json.SelfDescribingJson object at 0x104a31a30>]}
[0m19:12:15.977149 [debug] [MainThread]: Sending event: {'category': 'dbt', 'action': 'adapter_info', 'label': 'c9f2467b-a944-4eaf-8aa0-732e82483139', 'context': [<snowplow_tracker.self_describing_json.SelfDescribingJson object at 0x103e0a0d0>]}
[0m19:12:15.979227 [info ] [MainThread]: Registered adapter: redshift=1.8.1
[0m19:12:16.213160 [debug] [MainThread]: checksum: 643640a45b16e0d012867be4ac17daaa0c3ce97300faec3ce9a6de300b5e1c09, vars: {}, profile: , target: , version: 1.8.5
[0m19:12:16.214908 [info ] [MainThread]: Unable to do partial parsing because saved manifest not found. Starting full parse.
[0m19:12:16.216030 [debug] [MainThread]: Sending event: {'category': 'dbt', 'action': 'partial_parser', 'label': 'c9f2467b-a944-4eaf-8aa0-732e82483139', 'context': [<snowplow_tracker.self_describing_json.SelfDescribingJson object at 0x10438a160>]}
[0m19:12:18.884767 [warn ] [MainThread]: [[33mWARNING[0m]: Did not find matching node for patch with name 'dim_employee' in the 'models' section of file 'models/schema.yml'
[0m19:12:18.888373 [warn ] [MainThread]: [[33mWARNING[0m]: Did not find matching node for patch with name 'dim_agency' in the 'models' section of file 'models/schema.yml'
[0m19:12:18.893459 [warn ] [MainThread]: [[33mWARNING[0m]: Did not find matching node for patch with name 'dim_title' in the 'models' section of file 'models/schema.yml'
[0m19:12:18.902802 [warn ] [MainThread]: [[33mWARNING[0m]: Did not find matching node for patch with name 'fact_payroll' in the 'models' section of file 'models/schema.yml'
[0m19:12:19.298053 [error] [MainThread]: Encountered an error:
Compilation Error
  Model 'model.payrolldb.stg_fact_payroll' (models/staging/stg_fact_payroll.sql) depends on a source named 'stg.staging_fact_payroll' which was not found
[0m19:12:19.301033 [debug] [MainThread]: Resource report: {"command_name": "run", "command_wall_clock_time": 5.087863, "process_user_time": 5.556036, "process_kernel_time": 0.465483, "process_mem_max_rss": "110370816", "command_success": false, "process_in_blocks": "0", "process_out_blocks": "0"}
[0m19:12:19.302341 [debug] [MainThread]: Command `dbt run` failed at 19:12:19.302126 after 5.09 seconds
[0m19:12:19.303243 [debug] [MainThread]: Sending event: {'category': 'dbt', 'action': 'invocation', 'label': 'end', 'context': [<snowplow_tracker.self_describing_json.SelfDescribingJson object at 0x102960a00>, <snowplow_tracker.self_describing_json.SelfDescribingJson object at 0x1057637c0>, <snowplow_tracker.self_describing_json.SelfDescribingJson object at 0x105731a90>]}
[0m19:12:19.304106 [debug] [MainThread]: Flushing usage events
[0m19:26:50.991249 [debug] [MainThread]: Sending event: {'category': 'dbt', 'action': 'invocation', 'label': 'start', 'context': [<snowplow_tracker.self_describing_json.SelfDescribingJson object at 0x106616b20>, <snowplow_tracker.self_describing_json.SelfDescribingJson object at 0x1080ad1c0>, <snowplow_tracker.self_describing_json.SelfDescribingJson object at 0x1080add90>]}


============================== 19:26:51.002389 | 61b8efa5-7418-49a1-8b60-a64d00b29549 ==============================
[0m19:26:51.002389 [info ] [MainThread]: Running with dbt=1.8.5
[0m19:26:51.004836 [debug] [MainThread]: running dbt with arguments {'printer_width': '80', 'indirect_selection': 'eager', 'log_cache_events': 'False', 'write_json': 'True', 'partial_parse': 'True', 'cache_selected_only': 'False', 'profiles_dir': '/Users/villy/PycharmProjects/Payroll-Data-Integration-Platform/dbt', 'version_check': 'True', 'debug': 'False', 'log_path': '/Users/villy/PycharmProjects/Payroll-Data-Integration-Platform/dbt/logs', 'warn_error': 'None', 'fail_fast': 'False', 'use_colors': 'True', 'use_experimental_parser': 'False', 'no_print': 'None', 'quiet': 'False', 'empty': 'False', 'log_format': 'default', 'invocation_command': 'dbt run', 'static_parser': 'True', 'warn_error_options': 'WarnErrorOptions(include=[], exclude=[])', 'target_path': 'None', 'introspect': 'True', 'send_anonymous_usage_stats': 'True'}
[0m19:26:51.219255 [debug] [MainThread]: Redshift adapter: Setting redshift_connector to ERROR
[0m19:26:51.220252 [debug] [MainThread]: Redshift adapter: Setting redshift_connector.core to ERROR
[0m19:26:51.419723 [warn ] [MainThread]: [[33mWARNING[0m]: Deprecated functionality
The `tests` config has been renamed to `data_tests`. Please see
https://docs.getdbt.com/docs/build/data-tests#new-data_tests-syntax for more
information.
[0m19:26:51.420886 [debug] [MainThread]: Sending event: {'category': 'dbt', 'action': 'deprecation', 'label': '61b8efa5-7418-49a1-8b60-a64d00b29549', 'property_': 'warn', 'context': [<snowplow_tracker.self_describing_json.SelfDescribingJson object at 0x10807c2e0>]}
[0m19:26:51.546245 [debug] [MainThread]: Sending event: {'category': 'dbt', 'action': 'project_id', 'label': '61b8efa5-7418-49a1-8b60-a64d00b29549', 'context': [<snowplow_tracker.self_describing_json.SelfDescribingJson object at 0x1086cff10>]}
[0m19:26:51.650269 [debug] [MainThread]: Sending event: {'category': 'dbt', 'action': 'adapter_info', 'label': '61b8efa5-7418-49a1-8b60-a64d00b29549', 'context': [<snowplow_tracker.self_describing_json.SelfDescribingJson object at 0x108aa3c70>]}
[0m19:26:51.652110 [info ] [MainThread]: Registered adapter: redshift=1.8.1
[0m19:26:51.706694 [debug] [MainThread]: checksum: 643640a45b16e0d012867be4ac17daaa0c3ce97300faec3ce9a6de300b5e1c09, vars: {}, profile: , target: , version: 1.8.5
[0m19:26:51.709372 [info ] [MainThread]: Unable to do partial parsing because saved manifest not found. Starting full parse.
[0m19:26:51.710758 [debug] [MainThread]: Sending event: {'category': 'dbt', 'action': 'partial_parser', 'label': '61b8efa5-7418-49a1-8b60-a64d00b29549', 'context': [<snowplow_tracker.self_describing_json.SelfDescribingJson object at 0x107513130>]}
[0m19:26:55.668198 [error] [MainThread]: Encountered an error:
Compilation Error
  Model 'model.payrolldb.stg_fact_payroll' (models/staging/stg_fact_payroll.sql) depends on a source named 'stg.staging_fact_payroll' which was not found
[0m19:26:55.671707 [debug] [MainThread]: Resource report: {"command_name": "run", "command_wall_clock_time": 4.8209686, "process_user_time": 6.600443, "process_kernel_time": 0.470498, "process_mem_max_rss": "109887488", "command_success": false, "process_in_blocks": "0", "process_out_blocks": "0"}
[0m19:26:55.676429 [debug] [MainThread]: Command `dbt run` failed at 19:26:55.676087 after 4.83 seconds
[0m19:26:55.677581 [debug] [MainThread]: Sending event: {'category': 'dbt', 'action': 'invocation', 'label': 'end', 'context': [<snowplow_tracker.self_describing_json.SelfDescribingJson object at 0x106616b20>, <snowplow_tracker.self_describing_json.SelfDescribingJson object at 0x1093ee580>, <snowplow_tracker.self_describing_json.SelfDescribingJson object at 0x1093c6ee0>]}
[0m19:26:55.678625 [debug] [MainThread]: Flushing usage events
[0m19:58:36.448793 [debug] [MainThread]: Sending event: {'category': 'dbt', 'action': 'invocation', 'label': 'start', 'context': [<snowplow_tracker.self_describing_json.SelfDescribingJson object at 0x10baa3b80>, <snowplow_tracker.self_describing_json.SelfDescribingJson object at 0x10d53c1c0>, <snowplow_tracker.self_describing_json.SelfDescribingJson object at 0x10d53cd60>]}


============================== 19:58:36.455662 | 5a2c21d4-e285-4dfb-a7fa-65b7cdd8c03f ==============================
[0m19:58:36.455662 [info ] [MainThread]: Running with dbt=1.8.5
[0m19:58:36.456847 [debug] [MainThread]: running dbt with arguments {'printer_width': '80', 'indirect_selection': 'eager', 'log_cache_events': 'False', 'write_json': 'True', 'partial_parse': 'True', 'cache_selected_only': 'False', 'warn_error': 'None', 'fail_fast': 'False', 'version_check': 'True', 'log_path': '/Users/villy/PycharmProjects/Payroll-Data-Integration-Platform/dbt/logs', 'profiles_dir': '/Users/villy/PycharmProjects/Payroll-Data-Integration-Platform/dbt', 'debug': 'False', 'use_colors': 'True', 'use_experimental_parser': 'False', 'empty': 'False', 'quiet': 'False', 'no_print': 'None', 'warn_error_options': 'WarnErrorOptions(include=[], exclude=[])', 'introspect': 'True', 'log_format': 'default', 'static_parser': 'True', 'target_path': 'None', 'invocation_command': 'dbt run', 'send_anonymous_usage_stats': 'True'}
[0m19:58:36.656671 [debug] [MainThread]: Redshift adapter: Setting redshift_connector to ERROR
[0m19:58:36.657679 [debug] [MainThread]: Redshift adapter: Setting redshift_connector.core to ERROR
[0m19:58:36.851530 [warn ] [MainThread]: [[33mWARNING[0m]: Deprecated functionality
The `tests` config has been renamed to `data_tests`. Please see
https://docs.getdbt.com/docs/build/data-tests#new-data_tests-syntax for more
information.
[0m19:58:36.852655 [debug] [MainThread]: Sending event: {'category': 'dbt', 'action': 'deprecation', 'label': '5a2c21d4-e285-4dfb-a7fa-65b7cdd8c03f', 'property_': 'warn', 'context': [<snowplow_tracker.self_describing_json.SelfDescribingJson object at 0x10dedf730>]}
[0m19:58:37.102677 [debug] [MainThread]: Sending event: {'category': 'dbt', 'action': 'project_id', 'label': '5a2c21d4-e285-4dfb-a7fa-65b7cdd8c03f', 'context': [<snowplow_tracker.self_describing_json.SelfDescribingJson object at 0x10db5bd90>]}
[0m19:58:37.200440 [debug] [MainThread]: Sending event: {'category': 'dbt', 'action': 'adapter_info', 'label': '5a2c21d4-e285-4dfb-a7fa-65b7cdd8c03f', 'context': [<snowplow_tracker.self_describing_json.SelfDescribingJson object at 0x10dafa100>]}
[0m19:58:37.202004 [info ] [MainThread]: Registered adapter: redshift=1.8.1
[0m19:58:37.247418 [debug] [MainThread]: checksum: 643640a45b16e0d012867be4ac17daaa0c3ce97300faec3ce9a6de300b5e1c09, vars: {}, profile: , target: , version: 1.8.5
[0m19:58:37.249282 [info ] [MainThread]: Unable to do partial parsing because saved manifest not found. Starting full parse.
[0m19:58:37.250651 [debug] [MainThread]: Sending event: {'category': 'dbt', 'action': 'partial_parser', 'label': '5a2c21d4-e285-4dfb-a7fa-65b7cdd8c03f', 'context': [<snowplow_tracker.self_describing_json.SelfDescribingJson object at 0x10ded1910>]}
[0m19:58:40.203957 [error] [MainThread]: Encountered an error:
Compilation Error
  Model 'model.payrolldb.stg_fact_payroll' (models/staging/stg_fact_payroll.sql) depends on a source named 'stg.staging_fact_payroll' which was not found
[0m19:58:40.206634 [debug] [MainThread]: Resource report: {"command_name": "run", "command_wall_clock_time": 3.9181402, "process_user_time": 5.78448, "process_kernel_time": 0.460829, "process_mem_max_rss": "110157824", "command_success": false, "process_in_blocks": "0", "process_out_blocks": "0"}
[0m19:58:40.208190 [debug] [MainThread]: Command `dbt run` failed at 19:58:40.207971 after 3.92 seconds
[0m19:58:40.209029 [debug] [MainThread]: Sending event: {'category': 'dbt', 'action': 'invocation', 'label': 'end', 'context': [<snowplow_tracker.self_describing_json.SelfDescribingJson object at 0x10baa3b80>, <snowplow_tracker.self_describing_json.SelfDescribingJson object at 0x10e7efeb0>, <snowplow_tracker.self_describing_json.SelfDescribingJson object at 0x10e7eff70>]}
[0m19:58:40.209849 [debug] [MainThread]: Flushing usage events
[0m20:53:22.344069 [debug] [MainThread]: Sending event: {'category': 'dbt', 'action': 'invocation', 'label': 'start', 'context': [<snowplow_tracker.self_describing_json.SelfDescribingJson object at 0x1109a0ac0>, <snowplow_tracker.self_describing_json.SelfDescribingJson object at 0x112437340>, <snowplow_tracker.self_describing_json.SelfDescribingJson object at 0x112437160>]}


============================== 20:53:22.350712 | 411257dd-d852-466c-8f91-514500aa66af ==============================
[0m20:53:22.350712 [info ] [MainThread]: Running with dbt=1.8.5
[0m20:53:22.352679 [debug] [MainThread]: running dbt with arguments {'printer_width': '80', 'indirect_selection': 'eager', 'log_cache_events': 'False', 'write_json': 'True', 'partial_parse': 'True', 'cache_selected_only': 'False', 'warn_error': 'None', 'fail_fast': 'False', 'version_check': 'True', 'log_path': '/Users/villy/PycharmProjects/Payroll-Data-Integration-Platform/dbt/logs', 'profiles_dir': '/Users/villy/PycharmProjects/Payroll-Data-Integration-Platform/dbt', 'debug': 'False', 'use_colors': 'True', 'use_experimental_parser': 'False', 'empty': 'None', 'quiet': 'False', 'no_print': 'None', 'warn_error_options': 'WarnErrorOptions(include=[], exclude=[])', 'introspect': 'True', 'static_parser': 'True', 'invocation_command': 'dbt debug', 'target_path': 'None', 'log_format': 'default', 'send_anonymous_usage_stats': 'True'}
[0m20:53:22.377801 [info ] [MainThread]: dbt version: 1.8.5
[0m20:53:22.378836 [info ] [MainThread]: python version: 3.9.13
[0m20:53:22.381059 [info ] [MainThread]: python path: /Users/villy/PycharmProjects/Payroll-Data-Integration-Platform/.venv/bin/python
[0m20:53:22.385737 [info ] [MainThread]: os info: macOS-14.4.1-x86_64-i386-64bit
[0m20:53:22.627152 [debug] [MainThread]: Redshift adapter: Setting redshift_connector to ERROR
[0m20:53:22.628173 [debug] [MainThread]: Redshift adapter: Setting redshift_connector.core to ERROR
[0m20:53:22.719584 [info ] [MainThread]: Using profiles dir at /Users/villy/PycharmProjects/Payroll-Data-Integration-Platform/dbt
[0m20:53:22.720635 [info ] [MainThread]: Using profiles.yml file at /Users/villy/PycharmProjects/Payroll-Data-Integration-Platform/dbt/profiles.yml
[0m20:53:22.721572 [info ] [MainThread]: Using dbt_project.yml file at /Users/villy/PycharmProjects/Payroll-Data-Integration-Platform/dbt/dbt_project.yml
[0m20:53:22.722721 [info ] [MainThread]: adapter type: redshift
[0m20:53:22.723614 [info ] [MainThread]: adapter version: 1.8.1
[0m20:53:22.839510 [warn ] [MainThread]: [[33mWARNING[0m]: Deprecated functionality
The `tests` config has been renamed to `data_tests`. Please see
https://docs.getdbt.com/docs/build/data-tests#new-data_tests-syntax for more
information.
[0m20:53:22.840951 [debug] [MainThread]: Sending event: {'category': 'dbt', 'action': 'deprecation', 'label': '411257dd-d852-466c-8f91-514500aa66af', 'property_': 'warn', 'context': [<snowplow_tracker.self_describing_json.SelfDescribingJson object at 0x112e22490>]}
[0m20:53:22.922373 [info ] [MainThread]: Configuration:
[0m20:53:22.923414 [info ] [MainThread]:   profiles.yml file [[32mOK found and valid[0m]
[0m20:53:22.924116 [info ] [MainThread]:   dbt_project.yml file [[32mOK found and valid[0m]
[0m20:53:22.924787 [info ] [MainThread]: Required dependencies:
[0m20:53:22.925743 [debug] [MainThread]: Executing "git --help"
[0m20:53:22.953637 [debug] [MainThread]: STDOUT: "b"usage: git [-v | --version] [-h | --help] [-C <path>] [-c <name>=<value>]\n           [--exec-path[=<path>]] [--html-path] [--man-path] [--info-path]\n           [-p | --paginate | -P | --no-pager] [--no-replace-objects] [--bare]\n           [--git-dir=<path>] [--work-tree=<path>] [--namespace=<name>]\n           [--config-env=<name>=<envvar>] <command> [<args>]\n\nThese are common Git commands used in various situations:\n\nstart a working area (see also: git help tutorial)\n   clone     Clone a repository into a new directory\n   init      Create an empty Git repository or reinitialize an existing one\n\nwork on the current change (see also: git help everyday)\n   add       Add file contents to the index\n   mv        Move or rename a file, a directory, or a symlink\n   restore   Restore working tree files\n   rm        Remove files from the working tree and from the index\n\nexamine the history and state (see also: git help revisions)\n   bisect    Use binary search to find the commit that introduced a bug\n   diff      Show changes between commits, commit and working tree, etc\n   grep      Print lines matching a pattern\n   log       Show commit logs\n   show      Show various types of objects\n   status    Show the working tree status\n\ngrow, mark and tweak your common history\n   branch    List, create, or delete branches\n   commit    Record changes to the repository\n   merge     Join two or more development histories together\n   rebase    Reapply commits on top of another base tip\n   reset     Reset current HEAD to the specified state\n   switch    Switch branches\n   tag       Create, list, delete or verify a tag object signed with GPG\n\ncollaborate (see also: git help workflows)\n   fetch     Download objects and refs from another repository\n   pull      Fetch from and integrate with another repository or a local branch\n   push      Update remote refs along with associated objects\n\n'git help -a' and 'git help -g' list available subcommands and some\nconcept guides. See 'git help <command>' or 'git help <concept>'\nto read about a specific subcommand or concept.\nSee 'git help git' for an overview of the system.\n""
[0m20:53:22.955706 [debug] [MainThread]: STDERR: "b''"
[0m20:53:22.956772 [info ] [MainThread]:  - git [[32mOK found[0m]

[0m20:53:22.957835 [info ] [MainThread]: Connection:
[0m20:53:22.959261 [info ] [MainThread]:   host: payroll-workgroup.637423632863.eu-west-2.redshift-serverless.amazonaws.com
[0m20:53:22.960110 [info ] [MainThread]:   user: ridwanclouds
[0m20:53:22.960835 [info ] [MainThread]:   port: 5439
[0m20:53:22.961546 [info ] [MainThread]:   database: payrolldb
[0m20:53:22.963389 [info ] [MainThread]:   method: database
[0m20:53:22.966152 [info ] [MainThread]:   cluster_id: None
[0m20:53:22.968167 [info ] [MainThread]:   iam_profile: None
[0m20:53:22.969600 [info ] [MainThread]:   schema: edw
[0m20:53:22.974432 [info ] [MainThread]:   sslmode: prefer
[0m20:53:22.975757 [info ] [MainThread]:   region: None
[0m20:53:22.976850 [info ] [MainThread]:   sslmode: prefer
[0m20:53:22.977706 [info ] [MainThread]:   region: None
[0m20:53:22.978923 [info ] [MainThread]:   iam_profile: None
[0m20:53:22.980149 [info ] [MainThread]:   autocreate: False
[0m20:53:22.983122 [info ] [MainThread]:   db_groups: []
[0m20:53:22.984559 [info ] [MainThread]:   ra3_node: False
[0m20:53:23.059224 [info ] [MainThread]:   connect_timeout: None
[0m20:53:23.078217 [info ] [MainThread]:   role: None
[0m20:53:23.085021 [info ] [MainThread]:   retries: 1
[0m20:53:23.086430 [info ] [MainThread]:   autocommit: True
[0m20:53:23.111774 [info ] [MainThread]: Registered adapter: redshift=1.8.1
[0m20:53:23.141454 [debug] [MainThread]: Acquiring new redshift connection 'debug'
[0m20:53:23.174176 [debug] [MainThread]: Using redshift connection "debug"
[0m20:53:23.175125 [debug] [MainThread]: On debug: select 1 as id
[0m20:53:23.176199 [debug] [MainThread]: Opening a new connection, currently in state init
[0m20:53:23.200559 [debug] [MainThread]: Redshift adapter: Establishing connection using ssl with `sslmode` set to 'prefer'.To connect without ssl, set `sslmode` to 'disable'.
[0m20:53:23.204139 [debug] [MainThread]: Redshift adapter: Connecting to redshift with username/password based auth...
[0m20:53:24.588724 [debug] [MainThread]: SQL status: SUCCESS in 1.412 seconds
[0m20:53:24.591302 [debug] [MainThread]: On debug: Close
[0m20:53:24.592437 [info ] [MainThread]:   Connection test: [[32mOK connection ok[0m]

[0m20:53:24.593269 [info ] [MainThread]: [32mAll checks passed![0m
[0m20:53:24.595988 [debug] [MainThread]: Resource report: {"command_name": "debug", "command_success": true, "command_wall_clock_time": 2.3771327, "process_user_time": 3.035953, "process_kernel_time": 0.481481, "process_mem_max_rss": "101240832", "process_in_blocks": "0", "process_out_blocks": "0"}
[0m20:53:24.598263 [debug] [MainThread]: Command `dbt debug` succeeded at 20:53:24.597872 after 2.38 seconds
[0m20:53:24.600411 [debug] [MainThread]: Connection 'debug' was properly closed.
[0m20:53:24.602821 [debug] [MainThread]: Sending event: {'category': 'dbt', 'action': 'invocation', 'label': 'end', 'context': [<snowplow_tracker.self_describing_json.SelfDescribingJson object at 0x1109a0ac0>, <snowplow_tracker.self_describing_json.SelfDescribingJson object at 0x112403280>, <snowplow_tracker.self_describing_json.SelfDescribingJson object at 0x112f36a30>]}
[0m20:53:24.604725 [debug] [MainThread]: Flushing usage events
[0m20:54:43.931736 [debug] [MainThread]: Sending event: {'category': 'dbt', 'action': 'invocation', 'label': 'start', 'context': [<snowplow_tracker.self_describing_json.SelfDescribingJson object at 0x10c520b20>, <snowplow_tracker.self_describing_json.SelfDescribingJson object at 0x10dfb8250>, <snowplow_tracker.self_describing_json.SelfDescribingJson object at 0x10dfb8070>]}


============================== 20:54:43.939055 | 20164cb9-cfb4-433b-b6c1-9d8f358969a7 ==============================
[0m20:54:43.939055 [info ] [MainThread]: Running with dbt=1.8.5
[0m20:54:43.940400 [debug] [MainThread]: running dbt with arguments {'printer_width': '80', 'indirect_selection': 'eager', 'write_json': 'True', 'log_cache_events': 'False', 'partial_parse': 'True', 'cache_selected_only': 'False', 'profiles_dir': '/Users/villy/PycharmProjects/Payroll-Data-Integration-Platform/dbt', 'debug': 'False', 'fail_fast': 'False', 'log_path': '/Users/villy/PycharmProjects/Payroll-Data-Integration-Platform/dbt/logs', 'version_check': 'True', 'warn_error': 'None', 'use_colors': 'True', 'use_experimental_parser': 'False', 'empty': 'False', 'quiet': 'False', 'no_print': 'None', 'warn_error_options': 'WarnErrorOptions(include=[], exclude=[])', 'static_parser': 'True', 'log_format': 'default', 'invocation_command': 'dbt run', 'target_path': 'None', 'introspect': 'True', 'send_anonymous_usage_stats': 'True'}
[0m20:54:44.123157 [debug] [MainThread]: Redshift adapter: Setting redshift_connector to ERROR
[0m20:54:44.124167 [debug] [MainThread]: Redshift adapter: Setting redshift_connector.core to ERROR
[0m20:54:44.309991 [warn ] [MainThread]: [[33mWARNING[0m]: Deprecated functionality
The `tests` config has been renamed to `data_tests`. Please see
https://docs.getdbt.com/docs/build/data-tests#new-data_tests-syntax for more
information.
[0m20:54:44.311086 [debug] [MainThread]: Sending event: {'category': 'dbt', 'action': 'deprecation', 'label': '20164cb9-cfb4-433b-b6c1-9d8f358969a7', 'property_': 'warn', 'context': [<snowplow_tracker.self_describing_json.SelfDescribingJson object at 0x10df9ba00>]}
[0m20:54:44.564010 [debug] [MainThread]: Sending event: {'category': 'dbt', 'action': 'project_id', 'label': '20164cb9-cfb4-433b-b6c1-9d8f358969a7', 'context': [<snowplow_tracker.self_describing_json.SelfDescribingJson object at 0x10e96c220>]}
[0m20:54:44.664816 [debug] [MainThread]: Sending event: {'category': 'dbt', 'action': 'adapter_info', 'label': '20164cb9-cfb4-433b-b6c1-9d8f358969a7', 'context': [<snowplow_tracker.self_describing_json.SelfDescribingJson object at 0x10e59edf0>]}
[0m20:54:44.666524 [info ] [MainThread]: Registered adapter: redshift=1.8.1
[0m20:54:44.720592 [debug] [MainThread]: checksum: 643640a45b16e0d012867be4ac17daaa0c3ce97300faec3ce9a6de300b5e1c09, vars: {}, profile: , target: , version: 1.8.5
[0m20:54:44.722477 [info ] [MainThread]: Unable to do partial parsing because saved manifest not found. Starting full parse.
[0m20:54:44.723582 [debug] [MainThread]: Sending event: {'category': 'dbt', 'action': 'partial_parser', 'label': '20164cb9-cfb4-433b-b6c1-9d8f358969a7', 'context': [<snowplow_tracker.self_describing_json.SelfDescribingJson object at 0x10eae2340>]}
[0m20:54:48.015996 [error] [MainThread]: Encountered an error:
Compilation Error
  Model 'model.payrolldb.stg_fact_payroll' (models/staging/stg_fact_payroll.sql) depends on a source named 'stg.staging_fact_payroll' which was not found
[0m20:54:48.018862 [debug] [MainThread]: Resource report: {"command_name": "run", "command_wall_clock_time": 4.2365685, "process_user_time": 5.969267, "process_kernel_time": 0.449043, "process_mem_max_rss": "109826048", "command_success": false, "process_in_blocks": "0", "process_out_blocks": "0"}
[0m20:54:48.020198 [debug] [MainThread]: Command `dbt run` failed at 20:54:48.019990 after 4.24 seconds
[0m20:54:48.021152 [debug] [MainThread]: Sending event: {'category': 'dbt', 'action': 'invocation', 'label': 'end', 'context': [<snowplow_tracker.self_describing_json.SelfDescribingJson object at 0x10c520b20>, <snowplow_tracker.self_describing_json.SelfDescribingJson object at 0x10f283220>, <snowplow_tracker.self_describing_json.SelfDescribingJson object at 0x10f289df0>]}
[0m20:54:48.022152 [debug] [MainThread]: Flushing usage events
